[debug] [2022-12-11T02:55:47.023Z] ----------------------------------------------------------------------
[debug] [2022-12-11T02:55:47.025Z] Command:       C:\Program Files\nodejs\node.exe C:\Users\himan\AppData\Roaming\npm\node_modules\firebase-tools\lib\bin\firebase.js init
[debug] [2022-12-11T02:55:47.025Z] CLI Version:   11.17.0
[debug] [2022-12-11T02:55:47.025Z] Platform:      win32
[debug] [2022-12-11T02:55:47.025Z] Node Version:  v16.15.0
[debug] [2022-12-11T02:55:47.026Z] Time:          Sun Dec 11 2022 08:25:47 GMT+0530 (India Standard Time)
[debug] [2022-12-11T02:55:47.027Z] ----------------------------------------------------------------------
[debug] 
[debug] [2022-12-11T02:55:47.090Z] > command requires scopes: ["email","openid","https://www.googleapis.com/auth/cloudplatformprojects.readonly","https://www.googleapis.com/auth/firebase","https://www.googleapis.com/auth/cloud-platform"]
[debug] [2022-12-11T02:55:47.090Z] > authorizing via signed-in user (himanshuwch@gmail.com)
[info] 
     ######## #### ########  ######## ########     ###     ######  ########
     ##        ##  ##     ## ##       ##     ##  ##   ##  ##       ##
     ######    ##  ########  ######   ########  #########  ######  ######
     ##        ##  ##    ##  ##       ##     ## ##     ##       ## ##
     ##       #### ##     ## ######## ########  ##     ##  ######  ########

You're about to initialize a Firebase project in this directory:

  C:\Users\himan\Desktop\React1\twitter-clone

Before we get started, keep in mind:

  * You are initializing within an existing Firebase project directory

[info] 
=== Project Setup
[info] 
[info] First, let's associate this project directory with a Firebase project.
[info] You can create multiple project aliases by running firebase use --add, 
[info] but for now we'll just set up a default project.
[info] 
[debug] [2022-12-11T02:56:21.331Z] Using project from CLI flag: twitter-clone-1faac
[debug] [2022-12-11T02:56:21.334Z] >>> [apiv2][query] GET https://firebase.googleapis.com/v1beta1/projects/twitter-clone-1faac [none]
[debug] [2022-12-11T02:56:22.033Z] <<< [apiv2][status] GET https://firebase.googleapis.com/v1beta1/projects/twitter-clone-1faac 403
[debug] [2022-12-11T02:56:22.033Z] <<< [apiv2][body] GET https://firebase.googleapis.com/v1beta1/projects/twitter-clone-1faac {"error":{"code":403,"message":"The caller does not have permission","status":"PERMISSION_DENIED"}}
[debug] [2022-12-11T02:56:22.033Z] HTTP Error: 403, The caller does not have permission
[debug] [2022-12-11T02:56:22.308Z] FirebaseError: HTTP Error: 403, The caller does not have permission
    at responseToError (C:\Users\himan\AppData\Roaming\npm\node_modules\firebase-tools\lib\responseToError.js:49:12)
    at RetryOperation._fn (C:\Users\himan\AppData\Roaming\npm\node_modules\firebase-tools\lib\apiv2.js:288:77)
    at processTicksAndRejections (node:internal/process/task_queues:96:5)
[error] 
[error] Error: Failed to get Firebase project twitter-clone-1faac. Please make sure the project exists and your account has permission to access it.
[debug] [2022-12-11T02:56:45.269Z] ----------------------------------------------------------------------
[debug] [2022-12-11T02:56:45.271Z] Command:       C:\Program Files\nodejs\node.exe C:\Users\himan\AppData\Roaming\npm\node_modules\firebase-tools\lib\bin\firebase.js deploy
[debug] [2022-12-11T02:56:45.271Z] CLI Version:   11.17.0
[debug] [2022-12-11T02:56:45.271Z] Platform:      win32
[debug] [2022-12-11T02:56:45.271Z] Node Version:  v16.15.0
[debug] [2022-12-11T02:56:45.272Z] Time:          Sun Dec 11 2022 08:26:45 GMT+0530 (India Standard Time)
[debug] [2022-12-11T02:56:45.273Z] ----------------------------------------------------------------------
[debug] 
[debug] [2022-12-11T02:56:45.331Z] > command requires scopes: ["email","openid","https://www.googleapis.com/auth/cloudplatformprojects.readonly","https://www.googleapis.com/auth/firebase","https://www.googleapis.com/auth/cloud-platform"]
[debug] [2022-12-11T02:56:45.332Z] > authorizing via signed-in user (himanshuwch@gmail.com)
[debug] [2022-12-11T02:56:45.332Z] [iam] checking project twitter-clone-1faac for permissions ["firebase.projects.get","firebasehosting.sites.update"]
[debug] [2022-12-11T02:56:45.334Z] >>> [apiv2][query] POST https://cloudresourcemanager.googleapis.com/v1/projects/twitter-clone-1faac:testIamPermissions [none]
[debug] [2022-12-11T02:56:45.334Z] >>> [apiv2][(partial)header] POST https://cloudresourcemanager.googleapis.com/v1/projects/twitter-clone-1faac:testIamPermissions x-goog-quota-user=projects/twitter-clone-1faac
[debug] [2022-12-11T02:56:45.334Z] >>> [apiv2][body] POST https://cloudresourcemanager.googleapis.com/v1/projects/twitter-clone-1faac:testIamPermissions {"permissions":["firebase.projects.get","firebasehosting.sites.update"]}
[debug] [2022-12-11T02:56:47.087Z] <<< [apiv2][status] POST https://cloudresourcemanager.googleapis.com/v1/projects/twitter-clone-1faac:testIamPermissions 200
[debug] [2022-12-11T02:56:47.087Z] <<< [apiv2][body] POST https://cloudresourcemanager.googleapis.com/v1/projects/twitter-clone-1faac:testIamPermissions {}
[debug] [2022-12-11T02:56:47.088Z] [iam] error while checking permissions, command may fail: FirebaseError: Authorization failed. This account is missing the following required permissions on project twitter-clone-1faac:

  firebase.projects.get
  firebasehosting.sites.update
[debug] [2022-12-11T02:56:47.089Z] >>> [apiv2][query] GET https://firebase.googleapis.com/v1beta1/projects/twitter-clone-1faac [none]
[debug] [2022-12-11T02:56:47.507Z] <<< [apiv2][status] GET https://firebase.googleapis.com/v1beta1/projects/twitter-clone-1faac 403
[debug] [2022-12-11T02:56:47.507Z] <<< [apiv2][body] GET https://firebase.googleapis.com/v1beta1/projects/twitter-clone-1faac {"error":{"code":403,"message":"The caller does not have permission","status":"PERMISSION_DENIED"}}
[debug] [2022-12-11T02:56:47.508Z] HTTP Error: 403, The caller does not have permission
[debug] [2022-12-11T02:56:47.788Z] FirebaseError: HTTP Error: 403, The caller does not have permission
    at responseToError (C:\Users\himan\AppData\Roaming\npm\node_modules\firebase-tools\lib\responseToError.js:49:12)
    at RetryOperation._fn (C:\Users\himan\AppData\Roaming\npm\node_modules\firebase-tools\lib\apiv2.js:288:77)
    at processTicksAndRejections (node:internal/process/task_queues:96:5)
[error] 
[error] Error: Failed to get Firebase project twitter-clone-1faac. Please make sure the project exists and your account has permission to access it.
